<?xml version="1.0" encoding="UTF-8"?>
<testng-results ignored="0" total="3" passed="3" failed="0" skipped="0">
  <reporter-output>
  </reporter-output>
  <suite started-at="2021-08-14T09:52:15 IST" name="Test-Suite" finished-at="2021-08-14T09:52:15 IST" duration-ms="119">
    <groups>
      <group name="regression">
        <method signature="NewTest.f()[pri:3, instance:auto.NewTest@4944252c]" name="f" class="auto.NewTest"/>
        <method signature="NewTest.m()[pri:1, instance:auto.NewTest@4944252c]" name="m" class="auto.NewTest"/>
      </group> <!-- regression -->
      <group name="smoke">
        <method signature="NewTest.f()[pri:3, instance:auto.NewTest@4944252c]" name="f" class="auto.NewTest"/>
        <method signature="NewTest.m()[pri:1, instance:auto.NewTest@4944252c]" name="m" class="auto.NewTest"/>
        <method signature="NewTest.n()[pri:2, instance:auto.NewTest@4944252c]" name="n" class="auto.NewTest"/>
      </group> <!-- smoke -->
    </groups>
    <test started-at="2021-08-14T09:52:15 IST" name="ToolsQA" finished-at="2021-08-14T09:52:15 IST" duration-ms="119">
      <class name="auto.NewTest">
        <test-method signature="m()[pri:1, instance:auto.NewTest@4944252c]" started-at="2021-08-14T09:52:15 IST" name="m" finished-at="2021-08-14T09:52:15 IST" duration-ms="12" status="PASS">
          <reporter-output>
          </reporter-output>
        </test-method> <!-- m -->
        <test-method signature="n()[pri:2, instance:auto.NewTest@4944252c]" started-at="2021-08-14T09:52:15 IST" name="n" finished-at="2021-08-14T09:52:15 IST" duration-ms="3" status="PASS">
          <reporter-output>
          </reporter-output>
        </test-method> <!-- n -->
        <test-method signature="f()[pri:3, instance:auto.NewTest@4944252c]" started-at="2021-08-14T09:52:15 IST" name="f" finished-at="2021-08-14T09:52:15 IST" duration-ms="2" status="PASS">
          <reporter-output>
          </reporter-output>
        </test-method> <!-- f -->
      </class> <!-- auto.NewTest -->
    </test> <!-- ToolsQA -->
  </suite> <!-- Test-Suite -->
</testng-results>
